<?xml version="1.0" encoding="UTF-8"?>
<!-- Generated by org.testng.reporters.JUnitXMLReporter -->
<testsuite ignored="0" hostname="DESKTOP-5SRD004" failures="0" tests="18" name="Default test" time="146.993" errors="0" timestamp="2026-07-28T16:35:48 CEST">
  <testcase classname="tests.FindBugsTest" name="verifyFindBugsPageLoaded" time="0.042"/>
  <testcase classname="tests.FindBugsTest" name="verifyFindBugsPageTitle" time="0.009"/>
  <testcase classname="tests.FindBugsTest" name="verifyFindBugsPageUrl" time="0.015"/>
  <testcase classname="tests.FindBugsTest" name="verifyFindBugsHeadingDisplayed" time="0.049"/>
  <testcase classname="tests.FindBugsTest" name="verifyPageDescriptionDisplayed" time="0.042"/>
  <testcase classname="tests.FindBugsTest" name="verifyViewLabelDisplayed" time="0.044"/>
  <testcase classname="tests.FindBugsTest" name="verifyView10TextPresent" time="0.12"/>
  <testcase classname="tests.FindBugsTest" name="verifyView25TextPresent" time="0.131"/>
  <testcase classname="tests.FindBugsTest" name="verifyView50TextPresent" time="0.119"/>
  <testcase classname="tests.FindBugsTest" name="verifyAllViewValuesPresent" time="0.287"/>
  <testcase classname="tests.FindBugsTest" name="verifyProductsDisplayed" time="0.756"/>
  <testcase classname="tests.FindBugsTest" name="verifyFirstProductNameDisplayed" time="0.084"/>
  <testcase classname="tests.FindBugsTest" name="verifyProductPricesDisplayed" time="0.862"/>
  <testcase classname="tests.FindBugsTest" name="verifyResultInformationDisplayed" time="0.053"/>
  <testcase classname="tests.FindBugsTest" name="verifyResultInformationContainsShowing" time="0.146"/>
  <testcase classname="tests.FindBugsTest" name="verifyAddToCartButtonsDisplayed" time="0.366"/>
  <testcase classname="tests.FindBugsTest" name="verifySelectOptionsButtonsDisplayed" time="0.089"/>
  <testcase classname="tests.FindBugsTest" name="verifyFirstProductCanBeAddedToCart" time="0.316"/>
</testsuite> <!-- Default test -->
