<?xml version="1.0" encoding="UTF-8"?>
<!-- Generated by org.testng.reporters.JUnitXMLReporter -->
<testsuite ignored="0" hostname="DESKTOP-5SRD004" failures="18" tests="71" name="Test" time="531.016" errors="0" timestamp="2026-08-15T12:51:58 CEST">
  <testcase classname="tests.ExamplesOfBugsTest" name="verifyExamplesPageLoaded" time="0.071"/>
  <testcase classname="tests.ExamplesOfBugsTest" name="verifyExamplesPageTitle" time="0.037"/>
  <testcase classname="tests.ExamplesOfBugsTest" name="verifyPageHeadingDisplayed" time="0.095"/>
  <testcase classname="tests.ExamplesOfBugsTest" name="verifyBugExampleHeadingsDisplayed" time="0.037"/>
  <testcase classname="tests.ExamplesOfBugsTest" name="verifySocialShareBugDisplayed" time="0.13"/>
  <testcase classname="tests.ExamplesOfBugsTest" name="verifyVideoPlayerBugDisplayed" time="3.18"/>
  <testcase classname="tests.ExamplesOfBugsTest" name="verifySearchButtonBugDisplayed" time="0.097"/>
  <testcase classname="tests.ExamplesOfBugsTest" name="verifySocialShareBugIsClickable" time="3.661"/>
  <testcase classname="tests.ExamplesOfBugsTest" name="verifySocialShareBugCanBeOpened" time="1.759"/>
  <testcase classname="tests.CheckoutDataDrivenTest" name="checkoutUsingExcel" time="1.159">
    <failure type="org.testng.internal.reflect.MethodMatcherException" message="
[public void tests.CheckoutDataDrivenTest.checkoutUsingExcel(java.lang.String,java.lang.String,java.lang.String,java.lang.String,java.lang.String,java.lang.String,java.lang.String,java.lang.String,java.lang.String,java.lang.String)] has no parameters defined but was found to be using a data provider (either explicitly specified or inherited from class level annotation).
Data provider mismatch
Method: checkoutUsingExcel([java.lang.String arg0, java.lang.String arg1, java.lang.String arg2, java.lang.String arg3, java.lang.String arg4, java.lang.String arg5, java.lang.String arg6, java.lang.String arg7, java.lang.String arg8, java.lang.String arg9])
Arguments: [(java.util.LinkedHashMap) {TestCaseID=TC-CHECKOUT-001, Country=Austria, FirstName=Athulya, LastName=Sasi, CompanyName=, Address=st veit, City=St. Veit, State=, ZipCode=30001, Phone=1234567890}]">
      <![CDATA[org.testng.internal.reflect.MethodMatcherException: 
[public void tests.CheckoutDataDrivenTest.checkoutUsingExcel(java.lang.String,java.lang.String,java.lang.String,java.lang.String,java.lang.String,java.lang.String,java.lang.String,java.lang.String,java.lang.String,java.lang.String)] has no parameters defined but was found to be using a data provider (either explicitly specified or inherited from class level annotation).
Data provider mismatch
Method: checkoutUsingExcel([java.lang.String arg0, java.lang.String arg1, java.lang.String arg2, java.lang.String arg3, java.lang.String arg4, java.lang.String arg5, java.lang.String arg6, java.lang.String arg7, java.lang.String arg8, java.lang.String arg9])
Arguments: [(java.util.LinkedHashMap) {TestCaseID=TC-CHECKOUT-001, Country=Austria, FirstName=Athulya, LastName=Sasi, CompanyName=, Address=st veit, City=St. Veit, State=, ZipCode=30001, Phone=1234567890}]
at java.base/java.util.ArrayList.forEach(ArrayList.java:1596)
... Removed 22 stack frames]]>
    </failure>
  </testcase> <!-- checkoutUsingExcel -->
  <testcase classname="tests.PageFunctionalTest" name="verifyExamplesOfBugsPage" time="3.637"/>
  <testcase classname="tests.PageFunctionalTest" name="verifyFindBugsPage" time="4.282"/>
  <testcase classname="tests.PageFunctionalTest" name="verifyTypesOfBugsPage" time="3.976"/>
  <testcase classname="tests.FindBugsTest" name="verifyFindBugsPageLoaded" time="0.05"/>
  <testcase classname="tests.FindBugsTest" name="verifyFindBugsPageTitle" time="0.041"/>
  <testcase classname="tests.FindBugsTest" name="verifyFindBugsPageUrl" time="0.023"/>
  <testcase classname="tests.FindBugsTest" name="verifyFindBugsHeadingDisplayed" time="0.073"/>
  <testcase classname="tests.FindBugsTest" name="verifyPageDescriptionDisplayed" time="0.12"/>
  <testcase classname="tests.FindBugsTest" name="verifyViewLabelDisplayed" time="0.077"/>
  <testcase classname="tests.FindBugsTest" name="verifyView10TextPresent" time="0.246"/>
  <testcase classname="tests.FindBugsTest" name="verifyView25TextPresent" time="0.235"/>
  <testcase classname="tests.FindBugsTest" name="verifyView50TextPresent" time="0.307"/>
  <testcase classname="tests.FindBugsTest" name="verifyAllViewValuesPresent" time="0.616"/>
  <testcase classname="tests.FindBugsTest" name="verifyProductsDisplayed" time="1.039"/>
  <testcase classname="tests.FindBugsTest" name="verifyFirstProductNameDisplayed" time="0.123"/>
  <testcase classname="tests.FindBugsTest" name="verifyProductPricesDisplayed" time="1.555"/>
  <testcase classname="tests.FindBugsTest" name="verifyResultInformationDisplayed" time="0.105"/>
  <testcase classname="tests.FindBugsTest" name="verifyResultInformationContainsShowing" time="0.305"/>
  <testcase classname="tests.FindBugsTest" name="verifyAddToCartButtonsDisplayed" time="0.62"/>
  <testcase classname="tests.FindBugsTest" name="verifySelectOptionsButtonsDisplayed" time="0.195"/>
  <testcase classname="tests.FindBugsTest" name="verifyFirstProductCanBeAddedToCart" time="0.495"/>
  <testcase classname="tests.CartTest" name="verifyProductQuantityCanBeUpdatedBeyondTwo" time="0.006">
    <failure type="java.lang.Error" message="Unresolved compilation problem: 
	The method addProductAndOpenCart() is undefined for the type CartPage
">
      <![CDATA[java.lang.Error: Unresolved compilation problem: 
The method addProductAndOpenCart() is undefined for the type CartPage

at tests.CartTest.verifyProductQuantityCanBeUpdatedBeyondTwo(CartTest.java:22)
at java.base/java.util.ArrayList.forEach(ArrayList.java:1596)
... Removed 25 stack frames]]>
    </failure>
  </testcase> <!-- verifyProductQuantityCanBeUpdatedBeyondTwo -->
  <testcase classname="tests.CartTest" name="verifyGrandTotalCalculation" time="0.003">
    <failure type="java.lang.Error" message="Unresolved compilation problem: 
	The method addProductAndOpenCart() is undefined for the type CartPage
">
      <![CDATA[java.lang.Error: Unresolved compilation problem: 
The method addProductAndOpenCart() is undefined for the type CartPage

at tests.CartTest.verifyGrandTotalCalculation(CartTest.java:29)
at java.base/java.util.ArrayList.forEach(ArrayList.java:1596)
... Removed 25 stack frames]]>
    </failure>
  </testcase> <!-- verifyGrandTotalCalculation -->
  <testcase classname="tests.CartTest" name="verifyEmptyCartMessageAfterRemovingProduct" time="0.003">
    <failure type="java.lang.Error" message="Unresolved compilation problems: 
	The method addProductAndOpenCart() is undefined for the type CartPage
	The method attemptToRemoveFirstProduct() is undefined for the type CartPage
	The method isEmptyCartDisplayed() is undefined for the type CartPage
">
      <![CDATA[java.lang.Error: Unresolved compilation problems: 
The method addProductAndOpenCart() is undefined for the type CartPage
The method attemptToRemoveFirstProduct() is undefined for the type CartPage
The method isEmptyCartDisplayed() is undefined for the type CartPage

at tests.CartTest.verifyEmptyCartMessageAfterRemovingProduct(CartTest.java:36)
at java.base/java.util.ArrayList.forEach(ArrayList.java:1596)
... Removed 25 stack frames]]>
    </failure>
  </testcase> <!-- verifyEmptyCartMessageAfterRemovingProduct -->
  <testcase classname="tests.CartTest" name="verifyContinueShopping" time="0.001">
    <failure type="java.lang.Error" message="Unresolved compilation problems: 
	The method addProductAndOpenCart() is undefined for the type CartPage
	The method clickContinueShopping() is undefined for the type CartPage
">
      <![CDATA[java.lang.Error: Unresolved compilation problems: 
The method addProductAndOpenCart() is undefined for the type CartPage
The method clickContinueShopping() is undefined for the type CartPage

at tests.CartTest.verifyContinueShopping(CartTest.java:43)
at java.base/java.util.ArrayList.forEach(ArrayList.java:1596)
... Removed 25 stack frames]]>
    </failure>
  </testcase> <!-- verifyContinueShopping -->
  <testcase classname="tests.CartTest" name="verifyInvalidCouponCodeIsRejected" time="0.001">
    <failure type="java.lang.Error" message="Unresolved compilation problems: 
	The method addProductAndOpenCart() is undefined for the type CartPage
	The method areCouponControlsDisplayed() is undefined for the type CartPage
	The method applyCoupon(String) is undefined for the type CartPage
	The method getDisplayedMessage() is undefined for the type CartPage
">
      <![CDATA[java.lang.Error: Unresolved compilation problems: 
The method addProductAndOpenCart() is undefined for the type CartPage
The method areCouponControlsDisplayed() is undefined for the type CartPage
The method applyCoupon(String) is undefined for the type CartPage
The method getDisplayedMessage() is undefined for the type CartPage

at tests.CartTest.verifyInvalidCouponCodeIsRejected(CartTest.java:50)
at java.base/java.util.ArrayList.forEach(ArrayList.java:1596)
... Removed 25 stack frames]]>
    </failure>
  </testcase> <!-- verifyInvalidCouponCodeIsRejected -->
  <testcase classname="tests.CartTest" name="verifyValidGiftCardRedemption" time="0.005">
    <failure type="java.lang.Error" message="Unresolved compilation problems: 
	The method addProductAndOpenCart() is undefined for the type CartPage
	The method areGiftCardControlsDisplayed() is undefined for the type CartPage
	The method redeemGiftCard(String) is undefined for the type CartPage
">
      <![CDATA[java.lang.Error: Unresolved compilation problems: 
The method addProductAndOpenCart() is undefined for the type CartPage
The method areGiftCardControlsDisplayed() is undefined for the type CartPage
The method redeemGiftCard(String) is undefined for the type CartPage

at tests.CartTest.verifyValidGiftCardRedemption(CartTest.java:60)
at java.base/java.util.ArrayList.forEach(ArrayList.java:1596)
... Removed 25 stack frames]]>
    </failure>
  </testcase> <!-- verifyValidGiftCardRedemption -->
  <testcase classname="tests.CartTest" name="verifyCurrencySelectorUpdatesCartAmounts" time="0.003">
    <failure type="java.lang.Error" message="Unresolved compilation problems: 
	The method addProductAndOpenCart() is undefined for the type CartPage
	The method isCurrencyDropdownDisplayed() is undefined for the type CartPage
	The method selectCurrency(String) is undefined for the type CartPage
	The method getSelectedCurrency() is undefined for the type CartPage
">
      <![CDATA[java.lang.Error: Unresolved compilation problems: 
The method addProductAndOpenCart() is undefined for the type CartPage
The method isCurrencyDropdownDisplayed() is undefined for the type CartPage
The method selectCurrency(String) is undefined for the type CartPage
The method getSelectedCurrency() is undefined for the type CartPage

at tests.CartTest.verifyCurrencySelectorUpdatesCartAmounts(CartTest.java:70)
at java.base/java.util.ArrayList.forEach(ArrayList.java:1596)
... Removed 25 stack frames]]>
    </failure>
  </testcase> <!-- verifyCurrencySelectorUpdatesCartAmounts -->
  <testcase classname="tests.CartTest" name="verifyCartDoesNotDisplayUnwantedSymbols" time="0.002">
    <failure type="java.lang.Error" message="Unresolved compilation problems: 
	The method addProductAndOpenCart() is undefined for the type CartPage
	The method pageContainsUnwantedSymbols() is undefined for the type CartPage
">
      <![CDATA[java.lang.Error: Unresolved compilation problems: 
The method addProductAndOpenCart() is undefined for the type CartPage
The method pageContainsUnwantedSymbols() is undefined for the type CartPage

at tests.CartTest.verifyCartDoesNotDisplayUnwantedSymbols(CartTest.java:82)
at java.base/java.util.ArrayList.forEach(ArrayList.java:1596)
... Removed 25 stack frames]]>
    </failure>
  </testcase> <!-- verifyCartDoesNotDisplayUnwantedSymbols -->
  <testcase classname="tests.CartTest" name="verifyProductSearchFromCartPage" time="0.005">
    <failure type="java.lang.Error" message="Unresolved compilation problems: 
	The method addProductAndOpenCart() is undefined for the type CartPage
	The method isProductSearchDisplayed() is undefined for the type CartPage
	The method searchProduct(String) is undefined for the type CartPage
">
      <![CDATA[java.lang.Error: Unresolved compilation problems: 
The method addProductAndOpenCart() is undefined for the type CartPage
The method isProductSearchDisplayed() is undefined for the type CartPage
The method searchProduct(String) is undefined for the type CartPage

at tests.CartTest.verifyProductSearchFromCartPage(CartTest.java:88)
at java.base/java.util.ArrayList.forEach(ArrayList.java:1596)
... Removed 25 stack frames]]>
    </failure>
  </testcase> <!-- verifyProductSearchFromCartPage -->
  <testcase classname="tests.CartTest" name="verifyHotItemFunctionality" time="0.002">
    <failure type="java.lang.Error" message="Unresolved compilation problems: 
	The method addProductAndOpenCart() is undefined for the type CartPage
	The method isHotItemDisplayed() is undefined for the type CartPage
	The method getHotItemName() is undefined for the type CartPage
	The method clickHotItem() is undefined for the type CartPage
">
      <![CDATA[java.lang.Error: Unresolved compilation problems: 
The method addProductAndOpenCart() is undefined for the type CartPage
The method isHotItemDisplayed() is undefined for the type CartPage
The method getHotItemName() is undefined for the type CartPage
The method clickHotItem() is undefined for the type CartPage

at tests.CartTest.verifyHotItemFunctionality(CartTest.java:96)
at java.base/java.util.ArrayList.forEach(ArrayList.java:1596)
... Removed 25 stack frames]]>
    </failure>
  </testcase> <!-- verifyHotItemFunctionality -->
  <testcase classname="tests.CartTest" name="verifyStoreMenuDisplayed" time="0.007">
    <failure type="java.lang.Error" message="Unresolved compilation problems: 
	The method addProductAndOpenCart() is undefined for the type CartPage
	The method isStoreMenuDisplayed() is undefined for the type CartPage
	The method getStoreMenuLinkCount() is undefined for the type CartPage
">
      <![CDATA[java.lang.Error: Unresolved compilation problems: 
The method addProductAndOpenCart() is undefined for the type CartPage
The method isStoreMenuDisplayed() is undefined for the type CartPage
The method getStoreMenuLinkCount() is undefined for the type CartPage

at tests.CartTest.verifyStoreMenuDisplayed(CartTest.java:105)
at java.base/java.util.ArrayList.forEach(ArrayList.java:1596)
... Removed 25 stack frames]]>
    </failure>
  </testcase> <!-- verifyStoreMenuDisplayed -->
  <testcase classname="tests.CartTest" name="verifyAllItemsStoreMenuOption" time="0.003">
    <failure type="java.lang.Error" message="Unresolved compilation problems: 
	The method addProductAndOpenCart() is undefined for the type CartPage
	The method clickStoreMenuOption(String) is undefined for the type CartPage
">
      <![CDATA[java.lang.Error: Unresolved compilation problems: 
The method addProductAndOpenCart() is undefined for the type CartPage
The method clickStoreMenuOption(String) is undefined for the type CartPage

at tests.CartTest.verifyAllItemsStoreMenuOption(CartTest.java:112)
at java.base/java.util.ArrayList.forEach(ArrayList.java:1596)
... Removed 25 stack frames]]>
    </failure>
  </testcase> <!-- verifyAllItemsStoreMenuOption -->
  <testcase classname="tests.CartTest" name="verifyFilterByPriceDisplayed" time="0.006">
    <failure type="java.lang.Error" message="Unresolved compilation problems: 
	The method addProductAndOpenCart() is undefined for the type CartPage
	The method isFilterByPriceDisplayed() is undefined for the type CartPage
	The method getPriceFilterCount() is undefined for the type CartPage
">
      <![CDATA[java.lang.Error: Unresolved compilation problems: 
The method addProductAndOpenCart() is undefined for the type CartPage
The method isFilterByPriceDisplayed() is undefined for the type CartPage
The method getPriceFilterCount() is undefined for the type CartPage

at tests.CartTest.verifyFilterByPriceDisplayed(CartTest.java:119)
at java.base/java.util.ArrayList.forEach(ArrayList.java:1596)
... Removed 25 stack frames]]>
    </failure>
  </testcase> <!-- verifyFilterByPriceDisplayed -->
  <testcase classname="tests.CartTest" name="verifyFirstPriceFilterFunctionality" time="0.003">
    <failure type="java.lang.Error" message="Unresolved compilation problems: 
	The method addProductAndOpenCart() is undefined for the type CartPage
	The method clickFirstPriceFilter() is undefined for the type CartPage
">
      <![CDATA[java.lang.Error: Unresolved compilation problems: 
The method addProductAndOpenCart() is undefined for the type CartPage
The method clickFirstPriceFilter() is undefined for the type CartPage

at tests.CartTest.verifyFirstPriceFilterFunctionality(CartTest.java:126)
at java.base/java.util.ArrayList.forEach(ArrayList.java:1596)
... Removed 25 stack frames]]>
    </failure>
  </testcase> <!-- verifyFirstPriceFilterFunctionality -->
  <testcase classname="tests.CartTest" name="verifyCreateAccountControlsDisplayed" time="0.007">
    <failure type="java.lang.Error" message="Unresolved compilation problems: 
	The method addProductAndOpenCart() is undefined for the type CartPage
	The method areCreateAccountControlsDisplayed() is undefined for the type CartPage
">
      <![CDATA[java.lang.Error: Unresolved compilation problems: 
The method addProductAndOpenCart() is undefined for the type CartPage
The method areCreateAccountControlsDisplayed() is undefined for the type CartPage

at tests.CartTest.verifyCreateAccountControlsDisplayed(CartTest.java:132)
at java.base/java.util.ArrayList.forEach(ArrayList.java:1596)
... Removed 25 stack frames]]>
    </failure>
  </testcase> <!-- verifyCreateAccountControlsDisplayed -->
  <testcase classname="tests.CartTest" name="verifyCreateAccountWithValidData" time="0.009">
    <failure type="java.lang.Error" message="Unresolved compilation problems: 
	The method addProductAndOpenCart() is undefined for the type CartPage
	The method areCreateAccountControlsDisplayed() is undefined for the type CartPage
	The method createAccount(String, String) is undefined for the type CartPage
	The method getAccountResponse() is undefined for the type CartPage
">
      <![CDATA[java.lang.Error: Unresolved compilation problems: 
The method addProductAndOpenCart() is undefined for the type CartPage
The method areCreateAccountControlsDisplayed() is undefined for the type CartPage
The method createAccount(String, String) is undefined for the type CartPage
The method getAccountResponse() is undefined for the type CartPage

at tests.CartTest.verifyCreateAccountWithValidData(CartTest.java:138)
at java.base/java.util.ArrayList.forEach(ArrayList.java:1596)
... Removed 25 stack frames]]>
    </failure>
  </testcase> <!-- verifyCreateAccountWithValidData -->
  <testcase classname="tests.CartTest" name="verifyCreateAccountWithBlankFields" time="0.003">
    <failure type="java.lang.Error" message="Unresolved compilation problems: 
	The method addProductAndOpenCart() is undefined for the type CartPage
	The method areCreateAccountControlsDisplayed() is undefined for the type CartPage
	The method createAccount(String, String) is undefined for the type CartPage
	The method getAccountResponse() is undefined for the type CartPage
">
      <![CDATA[java.lang.Error: Unresolved compilation problems: 
The method addProductAndOpenCart() is undefined for the type CartPage
The method areCreateAccountControlsDisplayed() is undefined for the type CartPage
The method createAccount(String, String) is undefined for the type CartPage
The method getAccountResponse() is undefined for the type CartPage

at tests.CartTest.verifyCreateAccountWithBlankFields(CartTest.java:147)
at java.base/java.util.ArrayList.forEach(ArrayList.java:1596)
... Removed 25 stack frames]]>
    </failure>
  </testcase> <!-- verifyCreateAccountWithBlankFields -->
  <testcase classname="tests.TypesOfBugsTest" name="verifyTypesPageLoaded" time="0.038"/>
  <testcase classname="tests.TypesOfBugsTest" name="verifyTypesPageTitle" time="0.02"/>
  <testcase classname="tests.TypesOfBugsTest" name="verifyTypesPageUrl" time="0.022"/>
  <testcase classname="tests.TypesOfBugsTest" name="verifyTypesPageHeadingDisplayed" time="0.078"/>
  <testcase classname="tests.TypesOfBugsTest" name="verifyFunctionalBugDisplayed" time="0.076"/>
  <testcase classname="tests.TypesOfBugsTest" name="verifyVisualBugDisplayed" time="0.078"/>
  <testcase classname="tests.TypesOfBugsTest" name="verifyContentBugDisplayed" time="0.059"/>
  <testcase classname="tests.TypesOfBugsTest" name="verifyPerformanceBugDisplayed" time="0.056"/>
  <testcase classname="tests.TypesOfBugsTest" name="verifyCrashBugDisplayed" time="0.061"/>
  <testcase classname="tests.TypesOfBugsTest" name="verifyAllBugTypesDisplayed" time="0.279"/>
  <testcase classname="tests.TypesOfBugsTest" name="verifyFunctionalDescriptionDisplayed" time="0.078"/>
  <testcase classname="tests.TypesOfBugsTest" name="verifyVisualDescriptionDisplayed" time="0.056"/>
  <testcase classname="tests.TypesOfBugsTest" name="verifyContentDescriptionDisplayed" time="0.068"/>
  <testcase classname="tests.TypesOfBugsTest" name="verifyPerformanceDescriptionDisplayed" time="3.328"/>
  <testcase classname="tests.TypesOfBugsTest" name="verifyCrashDescriptionDisplayed" time="0.082"/>
  <testcase classname="tests.TypesOfBugsTest" name="verifyAllDescriptionsDisplayed" time="0.23"/>
  <testcase classname="tests.CommonFeaturesTest" name="verifyCommonNavigation" time="7.397"/>
  <testcase classname="tests.CommonFeaturesTest" name="verifyLogoDisplayed" time="0.114"/>
  <testcase classname="tests.CommonFeaturesTest" name="verifyLogoRedirectsToHomePage" time="0.86"/>
  <testcase classname="tests.CommonFeaturesTest" name="verifyTermsLinkDisplayed" time="0.11"/>
  <testcase classname="tests.CommonFeaturesTest" name="verifyPrivacyPolicyDisplayed" time="0.097"/>
  <testcase classname="tests.CommonFeaturesTest" name="verifyTermsLinkNavigation" time="3.466"/>
  <testcase classname="tests.CommonFeaturesTest" name="verifyPrivacyPolicyNavigation" time="3.677"/>
</testsuite> <!-- Test -->
