<?xml version="1.0" encoding="UTF-8"?>
<!-- Generated by org.testng.reporters.JUnitXMLReporter -->
<testsuite ignored="0" hostname="DESKTOP-5SRD004" failures="5" tests="5" name="Complete Application E2E" time="10.932" errors="0" timestamp="2026-08-11T17:25:38 CEST">
  <testcase classname="tests.EndToEndApplicationTest" name="verifyCompleteAcademyBugsApplication" time="0.019">
    <failure type="java.lang.Error" message="Unresolved compilation problems: 
	The method isShippingPageDisplayed() is undefined for the type CheckoutPage
	The method selectInStorePickup() is undefined for the type CheckoutPage
	The method clickContinueToPayment() is undefined for the type CheckoutPage
	PaymentPage cannot be resolved to a type
	PaymentPage cannot be resolved to a type
">
      <![CDATA[java.lang.Error: Unresolved compilation problems: 
The method isShippingPageDisplayed() is undefined for the type CheckoutPage
The method selectInStorePickup() is undefined for the type CheckoutPage
The method clickContinueToPayment() is undefined for the type CheckoutPage
PaymentPage cannot be resolved to a type
PaymentPage cannot be resolved to a type

at tests.EndToEndApplicationTest.verifyCompleteAcademyBugsApplication(EndToEndApplicationTest.java:332)
at java.base/java.util.ArrayList.forEach(ArrayList.java:1596)
... Removed 25 stack frames]]>
    </failure>
  </testcase> <!-- verifyCompleteAcademyBugsApplication -->
  <testcase classname="tests.EndToEndApplicationTest" name="verifyCompleteAcademyBugsApplication" time="0.004">
    <failure type="java.lang.Error" message="Unresolved compilation problems: 
	The method isShippingPageDisplayed() is undefined for the type CheckoutPage
	The method selectInStorePickup() is undefined for the type CheckoutPage
	The method clickContinueToPayment() is undefined for the type CheckoutPage
	PaymentPage cannot be resolved to a type
	PaymentPage cannot be resolved to a type
">
      <![CDATA[java.lang.Error: Unresolved compilation problems: 
The method isShippingPageDisplayed() is undefined for the type CheckoutPage
The method selectInStorePickup() is undefined for the type CheckoutPage
The method clickContinueToPayment() is undefined for the type CheckoutPage
PaymentPage cannot be resolved to a type
PaymentPage cannot be resolved to a type

at tests.EndToEndApplicationTest.verifyCompleteAcademyBugsApplication(EndToEndApplicationTest.java:332)
at java.base/java.util.ArrayList.forEach(ArrayList.java:1596)
... Removed 25 stack frames]]>
    </failure>
  </testcase> <!-- verifyCompleteAcademyBugsApplication -->
  <testcase classname="tests.EndToEndApplicationTest" name="verifyCompleteAcademyBugsApplication" time="0.003">
    <failure type="java.lang.Error" message="Unresolved compilation problems: 
	The method isShippingPageDisplayed() is undefined for the type CheckoutPage
	The method selectInStorePickup() is undefined for the type CheckoutPage
	The method clickContinueToPayment() is undefined for the type CheckoutPage
	PaymentPage cannot be resolved to a type
	PaymentPage cannot be resolved to a type
">
      <![CDATA[java.lang.Error: Unresolved compilation problems: 
The method isShippingPageDisplayed() is undefined for the type CheckoutPage
The method selectInStorePickup() is undefined for the type CheckoutPage
The method clickContinueToPayment() is undefined for the type CheckoutPage
PaymentPage cannot be resolved to a type
PaymentPage cannot be resolved to a type

at tests.EndToEndApplicationTest.verifyCompleteAcademyBugsApplication(EndToEndApplicationTest.java:332)
at java.base/java.util.ArrayList.forEach(ArrayList.java:1596)
... Removed 25 stack frames]]>
    </failure>
  </testcase> <!-- verifyCompleteAcademyBugsApplication -->
  <testcase classname="tests.EndToEndApplicationTest" name="verifyCompleteAcademyBugsApplication" time="0.007">
    <failure type="java.lang.Error" message="Unresolved compilation problems: 
	The method isShippingPageDisplayed() is undefined for the type CheckoutPage
	The method selectInStorePickup() is undefined for the type CheckoutPage
	The method clickContinueToPayment() is undefined for the type CheckoutPage
	PaymentPage cannot be resolved to a type
	PaymentPage cannot be resolved to a type
">
      <![CDATA[java.lang.Error: Unresolved compilation problems: 
The method isShippingPageDisplayed() is undefined for the type CheckoutPage
The method selectInStorePickup() is undefined for the type CheckoutPage
The method clickContinueToPayment() is undefined for the type CheckoutPage
PaymentPage cannot be resolved to a type
PaymentPage cannot be resolved to a type

at tests.EndToEndApplicationTest.verifyCompleteAcademyBugsApplication(EndToEndApplicationTest.java:332)
at java.base/java.util.ArrayList.forEach(ArrayList.java:1596)
... Removed 25 stack frames]]>
    </failure>
  </testcase> <!-- verifyCompleteAcademyBugsApplication -->
  <testcase classname="tests.EndToEndApplicationTest" name="verifyCompleteAcademyBugsApplication" time="0.005">
    <failure type="java.lang.Error" message="Unresolved compilation problems: 
	The method isShippingPageDisplayed() is undefined for the type CheckoutPage
	The method selectInStorePickup() is undefined for the type CheckoutPage
	The method clickContinueToPayment() is undefined for the type CheckoutPage
	PaymentPage cannot be resolved to a type
	PaymentPage cannot be resolved to a type
">
      <![CDATA[java.lang.Error: Unresolved compilation problems: 
The method isShippingPageDisplayed() is undefined for the type CheckoutPage
The method selectInStorePickup() is undefined for the type CheckoutPage
The method clickContinueToPayment() is undefined for the type CheckoutPage
PaymentPage cannot be resolved to a type
PaymentPage cannot be resolved to a type

at tests.EndToEndApplicationTest.verifyCompleteAcademyBugsApplication(EndToEndApplicationTest.java:332)
at java.base/java.util.ArrayList.forEach(ArrayList.java:1596)
... Removed 25 stack frames]]>
    </failure>
  </testcase> <!-- verifyCompleteAcademyBugsApplication -->
</testsuite> <!-- Complete Application E2E -->
