<?xml version="1.0" encoding="UTF-8"?>
<testng-results ignored="0" total="1" passed="1" failed="0" skipped="0">
  <reporter-output>
  </reporter-output>
  <suite started-at="2026-08-15T14:41:44 CEST" name="AcademyBugs End To End Suite" finished-at="2026-08-15T14:42:07 CEST" duration-ms="22518">
    <groups>
    </groups>
    <test started-at="2026-08-15T14:41:44 CEST" name="End To End Application Test" finished-at="2026-08-15T14:42:07 CEST" duration-ms="22518">
      <class name="tests.EndToEndApplicationTest">
        <test-method is-config="true" signature="setUp()[pri:0, instance:tests.EndToEndApplicationTest@3c46e67a]" started-at="2026-08-15T14:41:44 CEST" name="setUp" finished-at="2026-08-15T14:41:50 CEST" duration-ms="5826" status="PASS">
          <reporter-output>
          </reporter-output>
        </test-method> <!-- setUp -->
        <test-method signature="verifyCompleteCustomerWorkflow()[pri:0, instance:tests.EndToEndApplicationTest@3c46e67a]" started-at="2026-08-15T14:41:50 CEST" name="verifyCompleteCustomerWorkflow" finished-at="2026-08-15T14:42:06 CEST" duration-ms="15991" status="PASS">
          <reporter-output>
          </reporter-output>
        </test-method> <!-- verifyCompleteCustomerWorkflow -->
        <test-method is-config="true" signature="tearDown()[pri:0, instance:tests.EndToEndApplicationTest@3c46e67a]" started-at="2026-08-15T14:42:06 CEST" name="tearDown" finished-at="2026-08-15T14:42:07 CEST" duration-ms="640" status="PASS">
          <reporter-output>
          </reporter-output>
        </test-method> <!-- tearDown -->
      </class> <!-- tests.EndToEndApplicationTest -->
    </test> <!-- End To End Application Test -->
  </suite> <!-- AcademyBugs End To End Suite -->
</testng-results>
