<?xml version="1.0" encoding="UTF-8"?>
<!-- Generated by org.testng.reporters.JUnitReportReporter -->
<testsuite hostname="DESKTOP-5SRD004" failures="0" tests="16" name="tests.TypesOfBugsTest" time="133.281" errors="0" timestamp="2026-08-15T12:51:59 CEST" skipped="0">
  <testcase classname="tests.TypesOfBugsTest" name="verifyTypesPageLoaded" time="8.618"/>
  <testcase classname="tests.TypesOfBugsTest" name="verifyTypesPageTitle" time="8.321"/>
  <testcase classname="tests.TypesOfBugsTest" name="verifyTypesPageUrl" time="5.855"/>
  <testcase classname="tests.TypesOfBugsTest" name="verifyTypesPageHeadingDisplayed" time="8.472"/>
  <testcase classname="tests.TypesOfBugsTest" name="verifyFunctionalBugDisplayed" time="8.118"/>
  <testcase classname="tests.TypesOfBugsTest" name="verifyVisualBugDisplayed" time="7.946"/>
  <testcase classname="tests.TypesOfBugsTest" name="verifyContentBugDisplayed" time="7.730"/>
  <testcase classname="tests.TypesOfBugsTest" name="verifyPerformanceBugDisplayed" time="7.520"/>
  <testcase classname="tests.TypesOfBugsTest" name="verifyCrashBugDisplayed" time="8.835"/>
  <testcase classname="tests.TypesOfBugsTest" name="verifyAllBugTypesDisplayed" time="8.350"/>
  <testcase classname="tests.TypesOfBugsTest" name="verifyFunctionalDescriptionDisplayed" time="7.551"/>
  <testcase classname="tests.TypesOfBugsTest" name="verifyVisualDescriptionDisplayed" time="8.129"/>
  <testcase classname="tests.TypesOfBugsTest" name="verifyContentDescriptionDisplayed" time="8.967"/>
  <testcase classname="tests.TypesOfBugsTest" name="verifyPerformanceDescriptionDisplayed" time="11.318"/>
  <testcase classname="tests.TypesOfBugsTest" name="verifyCrashDescriptionDisplayed" time="9.126"/>
  <testcase classname="tests.TypesOfBugsTest" name="verifyAllDescriptionsDisplayed" time="8.425"/>
</testsuite> <!-- tests.TypesOfBugsTest -->
