<?xml version="1.0" encoding="UTF-8"?>
<!-- Generated by org.testng.reporters.JUnitReportReporter -->
<testsuite hostname="DESKTOP-5SRD004" failures="0" tests="3" name="tests.PageFunctionalTest" time="25.964" errors="0" timestamp="2026-08-15T12:51:59 CEST" skipped="0">
  <testcase classname="tests.PageFunctionalTest" name="verifyExamplesOfBugsPage" time="7.608"/>
  <testcase classname="tests.PageFunctionalTest" name="verifyFindBugsPage" time="8.747"/>
  <testcase classname="tests.PageFunctionalTest" name="verifyTypesOfBugsPage" time="9.609"/>
</testsuite> <!-- tests.PageFunctionalTest -->
