<?xml version="1.0" encoding="UTF-8"?>
<!-- Generated by org.testng.reporters.JUnitReportReporter -->
<testsuite hostname="DESKTOP-5SRD004" failures="0" tests="9" name="tests.ExamplesOfBugsTest" time="76.117" errors="0" timestamp="2026-08-15T12:51:59 CEST" skipped="0">
  <testcase classname="tests.ExamplesOfBugsTest" name="verifyExamplesPageLoaded" time="8.878"/>
  <testcase classname="tests.ExamplesOfBugsTest" name="verifyExamplesPageTitle" time="4.761"/>
  <testcase classname="tests.ExamplesOfBugsTest" name="verifyPageHeadingDisplayed" time="4.782"/>
  <testcase classname="tests.ExamplesOfBugsTest" name="verifyBugExampleHeadingsDisplayed" time="7.875"/>
  <testcase classname="tests.ExamplesOfBugsTest" name="verifySocialShareBugDisplayed" time="8.614"/>
  <testcase classname="tests.ExamplesOfBugsTest" name="verifyVideoPlayerBugDisplayed" time="12.080"/>
  <testcase classname="tests.ExamplesOfBugsTest" name="verifySearchButtonBugDisplayed" time="8.010"/>
  <testcase classname="tests.ExamplesOfBugsTest" name="verifySocialShareBugIsClickable" time="11.404"/>
  <testcase classname="tests.ExamplesOfBugsTest" name="verifySocialShareBugCanBeOpened" time="9.713"/>
</testsuite> <!-- tests.ExamplesOfBugsTest -->
