<?xml version="1.0" encoding="UTF-8"?>
<!-- Generated by org.testng.reporters.JUnitReportReporter -->
<testsuite hostname="DESKTOP-5SRD004" failures="0" tests="18" name="tests.FindBugsTest" time="158.042" errors="0" timestamp="2026-08-15T12:51:59 CEST" skipped="0">
  <testcase classname="tests.FindBugsTest" name="verifyFindBugsPageLoaded" time="8.034"/>
  <testcase classname="tests.FindBugsTest" name="verifyFindBugsPageTitle" time="8.237"/>
  <testcase classname="tests.FindBugsTest" name="verifyFindBugsPageUrl" time="8.207"/>
  <testcase classname="tests.FindBugsTest" name="verifyFindBugsHeadingDisplayed" time="8.149"/>
  <testcase classname="tests.FindBugsTest" name="verifyPageDescriptionDisplayed" time="7.275"/>
  <testcase classname="tests.FindBugsTest" name="verifyViewLabelDisplayed" time="8.359"/>
  <testcase classname="tests.FindBugsTest" name="verifyView10TextPresent" time="9.928"/>
  <testcase classname="tests.FindBugsTest" name="verifyView25TextPresent" time="8.941"/>
  <testcase classname="tests.FindBugsTest" name="verifyView50TextPresent" time="8.486"/>
  <testcase classname="tests.FindBugsTest" name="verifyAllViewValuesPresent" time="9.473"/>
  <testcase classname="tests.FindBugsTest" name="verifyProductsDisplayed" time="10.342"/>
  <testcase classname="tests.FindBugsTest" name="verifyFirstProductNameDisplayed" time="8.403"/>
  <testcase classname="tests.FindBugsTest" name="verifyProductPricesDisplayed" time="9.208"/>
  <testcase classname="tests.FindBugsTest" name="verifyResultInformationDisplayed" time="9.056"/>
  <testcase classname="tests.FindBugsTest" name="verifyResultInformationContainsShowing" time="9.713"/>
  <testcase classname="tests.FindBugsTest" name="verifyAddToCartButtonsDisplayed" time="9.322"/>
  <testcase classname="tests.FindBugsTest" name="verifySelectOptionsButtonsDisplayed" time="8.666"/>
  <testcase classname="tests.FindBugsTest" name="verifyFirstProductCanBeAddedToCart" time="8.243"/>
</testsuite> <!-- tests.FindBugsTest -->
