<?xml version="1.0" encoding="UTF-8"?>
<!-- Generated by org.testng.reporters.JUnitReportReporter -->
<testsuite hostname="DESKTOP-5SRD004" failures="0" tests="7" name="tests.CommonFeaturesTest" time="78.720" errors="0" timestamp="2026-08-15T12:51:59 CEST" skipped="0">
  <testcase classname="tests.CommonFeaturesTest" name="verifyCommonNavigation" time="16.042"/>
  <testcase classname="tests.CommonFeaturesTest" name="verifyLogoDisplayed" time="8.835"/>
  <testcase classname="tests.CommonFeaturesTest" name="verifyLogoRedirectsToHomePage" time="8.461"/>
  <testcase classname="tests.CommonFeaturesTest" name="verifyTermsLinkDisplayed" time="10.407"/>
  <testcase classname="tests.CommonFeaturesTest" name="verifyPrivacyPolicyDisplayed" time="10.494"/>
  <testcase classname="tests.CommonFeaturesTest" name="verifyTermsLinkNavigation" time="12.869"/>
  <testcase classname="tests.CommonFeaturesTest" name="verifyPrivacyPolicyNavigation" time="11.612"/>
</testsuite> <!-- tests.CommonFeaturesTest -->
