<?xml version="1.0" encoding="UTF-8"?>
<!-- Generated by org.testng.reporters.JUnitXMLReporter -->
<testsuite ignored="0" hostname="DESKTOP-5SRD004" failures="0" tests="5" name="Excel Checkout Test" time="177.316" errors="0" timestamp="2026-08-11T16:11:49 CEST">
  <testcase classname="tests.CheckoutDataDrivenTest" name="checkoutUsingExcel" time="31.95"/>
  <testcase classname="tests.CheckoutDataDrivenTest" name="checkoutUsingExcel" time="32.463"/>
  <testcase classname="tests.CheckoutDataDrivenTest" name="checkoutUsingExcel" time="32.511"/>
  <testcase classname="tests.CheckoutDataDrivenTest" name="checkoutUsingExcel" time="32.192"/>
  <testcase classname="tests.CheckoutDataDrivenTest" name="checkoutUsingExcel" time="32.42"/>
</testsuite> <!-- Excel Checkout Test -->
